[debug] [2022-11-12T17:42:59.224Z] ----------------------------------------------------------------------
[debug] [2022-11-12T17:42:59.226Z] Command:       C:\Program Files\nodejs\node.exe C:\Users\Alisa\AppData\Roaming\npm\node_modules\firebase-tools\lib\bin\firebase.js deploy
[debug] [2022-11-12T17:42:59.227Z] CLI Version:   11.16.0
[debug] [2022-11-12T17:42:59.227Z] Platform:      win32
[debug] [2022-11-12T17:42:59.227Z] Node Version:  v16.13.0
[debug] [2022-11-12T17:42:59.228Z] Time:          Sat Nov 12 2022 21:12:59 GMT+0330 (Iran Standard Time)
[debug] [2022-11-12T17:42:59.229Z] ----------------------------------------------------------------------
[debug] 
[debug] [2022-11-12T17:42:59.307Z] > command requires scopes: ["email","openid","https://www.googleapis.com/auth/cloudplatformprojects.readonly","https://www.googleapis.com/auth/firebase","https://www.googleapis.com/auth/cloud-platform"]
[debug] [2022-11-12T17:42:59.308Z] > authorizing via signed-in user (alisalehinia79@gmail.com)
[debug] [2022-11-12T17:42:59.308Z] [iam] checking project arc-development-ce975 for permissions ["cloudfunctions.functions.create","cloudfunctions.functions.delete","cloudfunctions.functions.get","cloudfunctions.functions.list","cloudfunctions.functions.update","cloudfunctions.operations.get","firebase.projects.get"]
[debug] [2022-11-12T17:42:59.310Z] >>> [apiv2][query] POST https://cloudresourcemanager.googleapis.com/v1/projects/arc-development-ce975:testIamPermissions [none]
[debug] [2022-11-12T17:42:59.311Z] >>> [apiv2][(partial)header] POST https://cloudresourcemanager.googleapis.com/v1/projects/arc-development-ce975:testIamPermissions x-goog-quota-user=projects/arc-development-ce975
[debug] [2022-11-12T17:42:59.311Z] >>> [apiv2][body] POST https://cloudresourcemanager.googleapis.com/v1/projects/arc-development-ce975:testIamPermissions {"permissions":["cloudfunctions.functions.create","cloudfunctions.functions.delete","cloudfunctions.functions.get","cloudfunctions.functions.list","cloudfunctions.functions.update","cloudfunctions.operations.get","firebase.projects.get"]}
[debug] [2022-11-12T17:43:03.703Z] <<< [apiv2][status] POST https://cloudresourcemanager.googleapis.com/v1/projects/arc-development-ce975:testIamPermissions 200
[debug] [2022-11-12T17:43:03.704Z] <<< [apiv2][body] POST https://cloudresourcemanager.googleapis.com/v1/projects/arc-development-ce975:testIamPermissions {"permissions":["cloudfunctions.functions.create","cloudfunctions.functions.delete","cloudfunctions.functions.get","cloudfunctions.functions.list","cloudfunctions.functions.update","cloudfunctions.operations.get","firebase.projects.get"]}
[debug] [2022-11-12T17:43:03.705Z] >>> [apiv2][query] POST https://iam.googleapis.com/v1/projects/arc-development-ce975/serviceAccounts/arc-development-ce975@appspot.gserviceaccount.com:testIamPermissions [none]
[debug] [2022-11-12T17:43:03.706Z] >>> [apiv2][body] POST https://iam.googleapis.com/v1/projects/arc-development-ce975/serviceAccounts/arc-development-ce975@appspot.gserviceaccount.com:testIamPermissions {"permissions":["iam.serviceAccounts.actAs"]}
[debug] [2022-11-12T17:43:06.281Z] <<< [apiv2][status] POST https://iam.googleapis.com/v1/projects/arc-development-ce975/serviceAccounts/arc-development-ce975@appspot.gserviceaccount.com:testIamPermissions 200
[debug] [2022-11-12T17:43:06.281Z] <<< [apiv2][body] POST https://iam.googleapis.com/v1/projects/arc-development-ce975/serviceAccounts/arc-development-ce975@appspot.gserviceaccount.com:testIamPermissions {"permissions":["iam.serviceAccounts.actAs"]}
[info] 
[info] === Deploying to 'arc-development-ce975'...
[info] 
[info] i  deploying functions 
[info] Running command: npm --prefix "$RESOURCE_DIR" run lint
[debug] [2022-11-12T17:43:13.851Z] Error: Timed out.
    at Timeout._onTimeout (C:\Users\Alisa\AppData\Roaming\npm\node_modules\firebase-tools\lib\utils.js:253:49)
    at listOnTimeout (node:internal/timers:557:17)
    at processTimers (node:internal/timers:500:7)
[error] 
[error] Error: An unexpected error has occurred.
